#
# There is insufficient memory for the Java Runtime Environment to continue.
# Native memory allocation (malloc) failed to allocate 1867904 bytes for Chunk::new
# Possible reasons:
#   The system is out of physical RAM or swap space
#   The process is running with CompressedOops enabled, and the Java Heap may be blocking the growth of the native heap
# Possible solutions:
#   Reduce memory load on the system
#   Increase physical memory or swap space
#   Check if swap backing store is full
#   Decrease Java heap size (-Xmx/-Xms)
#   Decrease number of Java threads
#   Decrease Java thread stack sizes (-Xss)
#   Set larger code cache with -XX:ReservedCodeCacheSize=
#   JVM is running with Unscaled Compressed Oops mode in which the Java heap is
#     placed in the first 4GB address space. The Java Heap base address is the
#     maximum limit for the native heap growth. Please use -XX:HeapBaseMinAddress
#     to set the Java Heap base and to place the Java Heap above 4GB virtual address.
# This output file may be truncated or incomplete.
#
#  Out of Memory Error (arena.cpp:191), pid=2288, tid=2376
#
# JRE version: OpenJDK Runtime Environment Temurin-17.0.9+9 (17.0.9+9) (build 17.0.9+9)
# Java VM: OpenJDK 64-Bit Server VM Temurin-17.0.9+9 (17.0.9+9, mixed mode, tiered, compressed oops, compressed class ptrs, parallel gc, windows-amd64)
# No core dump will be written. Minidumps are not enabled by default on client versions of Windows
#

---------------  S U M M A R Y ------------

Command Line: --add-modules=ALL-SYSTEM --add-opens=java.base/java.util=ALL-UNNAMED --add-opens=java.base/java.lang=ALL-UNNAMED --add-opens=java.base/sun.nio.fs=ALL-UNNAMED -Declipse.application=org.eclipse.jdt.ls.core.id1 -Dosgi.bundles.defaultStartLevel=4 -Declipse.product=org.eclipse.jdt.ls.core.product -Djava.import.generatesMetadataFilesAtProjectRoot=false -DDetectVMInstallationsJob.disabled=true -Dfile.encoding=utf8 -XX:+UseParallelGC -XX:GCTimeRatio=4 -XX:AdaptiveSizePolicyWeight=90 -Dsun.zip.disableMemoryMapping=true -Xmx1G -Xms100m -Xlog:disable -javaagent:c:\Users\NEKO\.vscode\extensions\redhat.java-1.25.1-win32-x64\lombok\lombok-1.18.30.jar -XX:+HeapDumpOnOutOfMemoryError -XX:HeapDumpPath=c:\Users\NEKO\AppData\Roaming\Code\User\workspaceStorage\918267bdfb952a5c5b9a139281a1adbf\redhat.java -Daether.dependencyCollector.impl=bf c:\Users\NEKO\.vscode\extensions\redhat.java-1.25.1-win32-x64\server\plugins\org.eclipse.equinox.launcher_1.6.600.v20231106-1826.jar -configuration c:\Users\NEKO\AppData\Roaming\Code\User\globalStorage\redhat.java\1.25.1\config_win -data c:\Users\NEKO\AppData\Roaming\Code\User\workspaceStorage\918267bdfb952a5c5b9a139281a1adbf\redhat.java\jdt_ws --stdio

Host: Intel(R) Core(TM) i5-9400F CPU @ 2.90GHz, 6 cores, 15G,  Windows 10 , 64 bit Build 19041 (10.0.19041.3636)
Time: Fri Dec 22 20:34:33 2023 China Standard Time elapsed time: 4.473548 seconds (0d 0h 0m 4s)

---------------  T H R E A D  ---------------

Current thread (0x00000205a681d5a0):  JavaThread "C2 CompilerThread1" daemon [_thread_in_native, id=2376, stack(0x0000001754600000,0x0000001754700000)]


Current CompileTask:
C2:   4473 3859   !   4       org.eclipse.osgi.internal.loader.classpath.ClasspathManager::findClassImpl (308 bytes)

Stack: [0x0000001754600000,0x0000001754700000]
Native frames: (J=compiled Java code, j=interpreted, Vv=VM code, C=native code)
V  [jvm.dll+0x67cf49]
V  [jvm.dll+0x83478a]
V  [jvm.dll+0x83624e]
V  [jvm.dll+0x8368b3]
V  [jvm.dll+0x247f1f]
V  [jvm.dll+0xac43c]
V  [jvm.dll+0xaca8c]
V  [jvm.dll+0x367067]
V  [jvm.dll+0x3313ba]
V  [jvm.dll+0x33085a]
V  [jvm.dll+0x21a5b1]
V  [jvm.dll+0x2199d1]
V  [jvm.dll+0x1a57cd]
V  [jvm.dll+0x2297ae]
V  [jvm.dll+0x22797c]
V  [jvm.dll+0x7e9877]
V  [jvm.dll+0x7e3c3a]
V  [jvm.dll+0x67be35]
C  [ucrtbase.dll+0x21bb2]
C  [KERNEL32.DLL+0x17344]
C  [ntdll.dll+0x526b1]


---------------  P R O C E S S  ---------------

Threads class SMR info:
_java_thread_list=0x00000205a854cfe0, length=25, elements={
0x000002058c6083f0, 0x00000205a0494760, 0x00000205a04954f0, 0x00000205a5cbe4a0,
0x00000205a5cbefd0, 0x00000205a5cc3da0, 0x00000205a5cc7690, 0x00000205a5cc8290,
0x00000205a5d0a670, 0x00000205a5d3fad0, 0x000002058c6c69e0, 0x00000205a608deb0,
0x00000205a66eecf0, 0x00000205a66a1040, 0x00000205a66a1520, 0x00000205a6fa2620,
0x00000205a6fcc820, 0x00000205a7324020, 0x00000205a6f614a0, 0x00000205a6f60a80,
0x00000205a6f619b0, 0x00000205a681d5a0, 0x00000205a6f63300, 0x00000205a6f60060,
0x00000205a6f63810
}
_to_delete_list=0x00000205a8501720
Skipping _to_delete_list fields and contents for safety.

Java Threads: ( => current thread )
  0x000002058c6083f0 JavaThread "main" [_thread_in_native, id=1184, stack(0x0000001752900000,0x0000001752a00000)]
  0x00000205a0494760 JavaThread "Reference Handler" daemon [_thread_blocked, id=7220, stack(0x0000001752c00000,0x0000001752d00000)]
  0x00000205a04954f0 JavaThread "Finalizer" daemon [_thread_blocked, id=604, stack(0x0000001752d00000,0x0000001752e00000)]
  0x00000205a5cbe4a0 JavaThread "Signal Dispatcher" daemon [_thread_blocked, id=8444, stack(0x0000001752e00000,0x0000001752f00000)]
  0x00000205a5cbefd0 JavaThread "Attach Listener" daemon [_thread_blocked, id=1416, stack(0x0000001752f00000,0x0000001753000000)]
  0x00000205a5cc3da0 JavaThread "Service Thread" daemon [_thread_blocked, id=6044, stack(0x0000001753000000,0x0000001753100000)]
  0x00000205a5cc7690 JavaThread "Monitor Deflation Thread" daemon [_thread_blocked, id=3760, stack(0x0000001753100000,0x0000001753200000)]
  0x00000205a5cc8290 JavaThread "C2 CompilerThread0" daemon [_thread_in_native, id=13876, stack(0x0000001753200000,0x0000001753300000)]
  0x00000205a5d0a670 JavaThread "C1 CompilerThread0" daemon [_thread_blocked, id=9576, stack(0x0000001753300000,0x0000001753400000)]
  0x00000205a5d3fad0 JavaThread "Sweeper thread" daemon [_thread_blocked, id=8504, stack(0x0000001753400000,0x0000001753500000)]
  0x000002058c6c69e0 JavaThread "Common-Cleaner" daemon [_thread_blocked, id=12172, stack(0x0000001753500000,0x0000001753600000)]
  0x00000205a608deb0 JavaThread "Notification Thread" daemon [_thread_blocked, id=756, stack(0x0000001753700000,0x0000001753800000)]
  0x00000205a66eecf0 JavaThread "Active Thread: Equinox Container: 8b694e9d-4927-4f1a-bab9-791e05d2f769" [_thread_blocked, id=5332, stack(0x0000001753e00000,0x0000001753f00000)]
  0x00000205a66a1040 JavaThread "Framework Event Dispatcher: Equinox Container: 8b694e9d-4927-4f1a-bab9-791e05d2f769" daemon [_thread_blocked, id=14284, stack(0x0000001753f00000,0x0000001754000000)]
  0x00000205a66a1520 JavaThread "Start Level: Equinox Container: 8b694e9d-4927-4f1a-bab9-791e05d2f769" daemon [_thread_blocked, id=11760, stack(0x0000001754000000,0x0000001754100000)]
  0x00000205a6fa2620 JavaThread "Bundle File Closer" daemon [_thread_blocked, id=7984, stack(0x0000001754100000,0x0000001754200000)]
  0x00000205a6fcc820 JavaThread "SCR Component Actor" daemon [_thread_blocked, id=4624, stack(0x0000001754200000,0x0000001754300000)]
  0x00000205a7324020 JavaThread "SCR Component Registry" daemon [_thread_blocked, id=13400, stack(0x0000001754300000,0x0000001754400000)]
  0x00000205a6f614a0 JavaThread "Worker-JM" [_thread_blocked, id=9748, stack(0x0000001753600000,0x0000001753700000)]
  0x00000205a6f60a80 JavaThread "Worker-0" [_thread_blocked, id=2960, stack(0x0000001754400000,0x0000001754500000)]
  0x00000205a6f619b0 JavaThread "Worker-1: Repository registry initialization" [_thread_blocked, id=6284, stack(0x0000001754500000,0x0000001754600000)]
=>0x00000205a681d5a0 JavaThread "C2 CompilerThread1" daemon [_thread_in_native, id=2376, stack(0x0000001754600000,0x0000001754700000)]
  0x00000205a6f63300 JavaThread "Java indexing" daemon [_thread_blocked, id=14012, stack(0x0000001754700000,0x0000001754800000)]
  0x00000205a6f60060 JavaThread "JNA Cleaner" daemon [_thread_blocked, id=15236, stack(0x0000001754800000,0x0000001754900000)]
  0x00000205a6f63810 JavaThread "Worker-2" [_thread_blocked, id=8548, stack(0x0000001754900000,0x0000001754a00000)]

Other Threads:
  0x00000205a0477ce0 VMThread "VM Thread" [stack: 0x0000001752b00000,0x0000001752c00000] [id=9372]
  0x00000205a5f9a960 WatcherThread [stack: 0x0000001753800000,0x0000001753900000] [id=11160]
  0x000002058c61c700 GCTaskThread "GC Thread#0" [stack: 0x0000001752a00000,0x0000001752b00000] [id=5096]
  0x00000205a673aca0 GCTaskThread "GC Thread#1" [stack: 0x0000001753900000,0x0000001753a00000] [id=1344]
  0x00000205a6710930 GCTaskThread "GC Thread#2" [stack: 0x0000001753a00000,0x0000001753b00000] [id=12232]
  0x00000205a6710bf0 GCTaskThread "GC Thread#3" [stack: 0x0000001753b00000,0x0000001753c00000] [id=8160]
  0x00000205a63f5060 GCTaskThread "GC Thread#4" [stack: 0x0000001753c00000,0x0000001753d00000] [id=4888]
  0x00000205a63f5320 GCTaskThread "GC Thread#5" [stack: 0x0000001753d00000,0x0000001753e00000] [id=12404]

Threads with active compile tasks:
C2 CompilerThread0     4499 3926       4       jdk.internal.org.objectweb.asm.SymbolTable::addConstantUtf8Reference (101 bytes)
C2 CompilerThread1     4499 3859   !   4       org.eclipse.osgi.internal.loader.classpath.ClasspathManager::findClassImpl (308 bytes)

VM state: not at safepoint (normal execution)

VM Mutex/Monitor currently owned by a thread: None

Heap address: 0x00000000c0000000, size: 1024 MB, Compressed Oops mode: 32-bit

CDS archive(s) not mapped
Compressed class space mapped at: 0x0000000100000000-0x0000000140000000, reserved size: 1073741824
Narrow klass base: 0x0000000000000000, Narrow klass shift: 3, Narrow klass range: 0x140000000

GC Precious Log:
 CPUs: 6 total, 6 available
 Memory: 16335M
 Large Page Support: Disabled
 NUMA Support: Disabled
 Compressed Oops: Enabled (32-bit)
 Alignments: Space 512K, Generation 512K, Heap 2M
 Heap Min Capacity: 100M
 Heap Initial Capacity: 100M
 Heap Max Capacity: 1G
 Pre-touch: Disabled
 Parallel Workers: 6

Heap:
 PSYoungGen      total 23552K, used 1274K [0x00000000eab00000, 0x00000000ec500000, 0x0000000100000000)
  eden space 22016K, 0% used [0x00000000eab00000,0x00000000eab184b0,0x00000000ec080000)
  from space 1536K, 76% used [0x00000000ec380000,0x00000000ec4a6508,0x00000000ec500000)
  to   space 1536K, 0% used [0x00000000ec200000,0x00000000ec200000,0x00000000ec380000)
 ParOldGen       total 68608K, used 14002K [0x00000000c0000000, 0x00000000c4300000, 0x00000000eab00000)
  object space 68608K, 20% used [0x00000000c0000000,0x00000000c0dac838,0x00000000c4300000)
 Metaspace       used 38297K, committed 39168K, reserved 1114112K
  class space    used 3910K, committed 4288K, reserved 1048576K

Card table byte_map: [0x000002058bfe0000,0x000002058c1f0000] _byte_map_base: 0x000002058b9e0000

Marking Bits: (ParMarkBitMap*) 0x00007ffb4c46d0b0
 Begin Bits: [0x000002059e2b0000, 0x000002059f2b0000)
 End Bits:   [0x000002059f2b0000, 0x00000205a02b0000)

Polling page: 0x000002058bdd0000

Metaspace:

Usage:
  Non-class:     33.58 MB used.
      Class:      3.82 MB used.
       Both:     37.40 MB used.

Virtual space:
  Non-class space:       64.00 MB reserved,      34.06 MB ( 53%) committed,  1 nodes.
      Class space:        1.00 GB reserved,       4.19 MB ( <1%) committed,  1 nodes.
             Both:        1.06 GB reserved,      38.25 MB (  4%) committed. 

Chunk freelists:
   Non-Class:  13.84 MB
       Class:  11.73 MB
        Both:  25.57 MB

MaxMetaspaceSize: unlimited
CompressedClassSpaceSize: 1.00 GB
Initial GC threshold: 21.00 MB
Current GC threshold: 58.38 MB
CDS: off
MetaspaceReclaimPolicy: balanced
 - commit_granule_bytes: 65536.
 - commit_granule_words: 8192.
 - virtual_space_node_default_size: 8388608.
 - enlarge_chunks_in_place: 1.
 - new_chunks_are_fully_committed: 0.
 - uncommit_free_chunks: 1.
 - use_allocation_guard: 0.
 - handle_deallocations: 1.


Internal statistics:

num_allocs_failed_limit: 6.
num_arena_births: 620.
num_arena_deaths: 14.
num_vsnodes_births: 2.
num_vsnodes_deaths: 0.
num_space_committed: 612.
num_space_uncommitted: 0.
num_chunks_returned_to_freelist: 27.
num_chunks_taken_from_freelist: 1921.
num_chunk_merges: 11.
num_chunk_splits: 1199.
num_chunks_enlarged: 715.
num_inconsistent_stats: 0.

CodeHeap 'non-profiled nmethods': size=120000Kb used=1868Kb max_used=1868Kb free=118131Kb
 bounds [0x0000020596d80000, 0x0000020596ff0000, 0x000002059e2b0000]
CodeHeap 'profiled nmethods': size=120000Kb used=8022Kb max_used=8022Kb free=111977Kb
 bounds [0x000002058f2b0000, 0x000002058fa90000, 0x00000205967e0000]
CodeHeap 'non-nmethods': size=5760Kb used=1269Kb max_used=1363Kb free=4490Kb
 bounds [0x00000205967e0000, 0x0000020596a50000, 0x0000020596d80000]
 total_blobs=4526 nmethods=3931 adapters=508
 compilation: enabled
              stopped_count=0, restarted_count=0
 full_count=0

Compilation events (20 events):
Event: 4.449 Thread 0x00000205a5d0a670 3907       3       java.util.Spliterators$EmptySpliterator$OfRef::tryAdvance (6 bytes)
Event: 4.450 Thread 0x00000205a5cc8290 3909       4       org.eclipse.osgi.container.Module::getCurrentRevision (8 bytes)
Event: 4.450 Thread 0x00000205a5d0a670 nmethod 3907 0x000002058fa7b910 code [0x000002058fa7bac0, 0x000002058fa7bd88]
Event: 4.450 Thread 0x00000205a5d0a670 3908       3       java.util.Spliterators$EmptySpliterator::tryAdvance (7 bytes)
Event: 4.450 Thread 0x00000205a5d0a670 nmethod 3908 0x000002058fa7be90 code [0x000002058fa7c040, 0x000002058fa7c2a8]
Event: 4.451 Thread 0x00000205a5cc8290 nmethod 3909 0x0000020596f4ee90 code [0x0000020596f4f020, 0x0000020596f4f378]
Event: 4.452 Thread 0x00000205a5cc8290 3910   !   4       org.eclipse.osgi.container.ModuleDatabase::getWiring (31 bytes)
Event: 4.452 Thread 0x00000205a5d0a670 3911       3       org.eclipse.core.runtime.ServiceCaller$ReferenceAndService::bundleChanged (32 bytes)
Event: 4.452 Thread 0x00000205a5d0a670 nmethod 3911 0x000002058fa7c390 code [0x000002058fa7c5c0, 0x000002058fa7cd38]
Event: 4.457 Thread 0x00000205a5d0a670 3912 %     3       java.util.Properties::loadConvert @ 8 (540 bytes)
Event: 4.458 Thread 0x00000205a5d0a670 nmethod 3912% 0x000002058fa7d190 code [0x000002058fa7d480, 0x000002058fa7e9b8]
Event: 4.460 Thread 0x00000205a5cc8290 nmethod 3910 0x0000020596f4f610 code [0x0000020596f4f800, 0x0000020596f4fe50]
Event: 4.462 Thread 0x00000205a5d0a670 3913       3       java.lang.reflect.Constructor::acquireConstructorAccessor (44 bytes)
Event: 4.462 Thread 0x00000205a5d0a670 nmethod 3913 0x000002058fa7f010 code [0x000002058fa7f1e0, 0x000002058fa7f618]
Event: 4.466 Thread 0x00000205a5d0a670 3914  s    3       org.eclipse.osgi.framework.eventmgr.EventManager$EventThread::postEvent (71 bytes)
Event: 4.466 Thread 0x00000205a5d0a670 nmethod 3914 0x000002058fa7f790 code [0x000002058fa7f980, 0x000002058fa7ff58]
Event: 4.466 Thread 0x00000205a5d0a670 3916   !   3       java.lang.ClassLoader::loadClass (121 bytes)
Event: 4.467 Thread 0x00000205a5d0a670 nmethod 3916 0x000002058fa80190 code [0x000002058fa80440, 0x000002058fa81088]
Event: 4.467 Thread 0x00000205a5d0a670 3915       3       org.eclipse.osgi.framework.eventmgr.EventManager$EventThread$Queued::<init> (31 bytes)
Event: 4.467 Thread 0x00000205a5d0a670 nmethod 3915 0x000002058fa81710 code [0x000002058fa818a0, 0x000002058fa81a58]

GC Heap History (20 events):
Event: 1.444 GC heap before
{Heap before GC invocations=2 (full 0):
 PSYoungGen      total 29696K, used 28755K [0x00000000eab00000, 0x00000000ecc00000, 0x0000000100000000)
  eden space 25600K, 100% used [0x00000000eab00000,0x00000000ec400000,0x00000000ec400000)
  from space 4096K, 77% used [0x00000000ec400000,0x00000000ec714c18,0x00000000ec800000)
  to   space 4096K, 0% used [0x00000000ec800000,0x00000000ec800000,0x00000000ecc00000)
 ParOldGen       total 68608K, used 0K [0x00000000c0000000, 0x00000000c4300000, 0x00000000eab00000)
  object space 68608K, 0% used [0x00000000c0000000,0x00000000c0000000,0x00000000c4300000)
 Metaspace       used 14663K, committed 14912K, reserved 1114112K
  class space    used 1477K, committed 1600K, reserved 1048576K
}
Event: 1.449 GC heap after
{Heap after GC invocations=2 (full 0):
 PSYoungGen      total 29696K, used 4072K [0x00000000eab00000, 0x00000000ecc00000, 0x0000000100000000)
  eden space 25600K, 0% used [0x00000000eab00000,0x00000000eab00000,0x00000000ec400000)
  from space 4096K, 99% used [0x00000000ec800000,0x00000000ecbfa388,0x00000000ecc00000)
  to   space 4096K, 0% used [0x00000000ec400000,0x00000000ec400000,0x00000000ec800000)
 ParOldGen       total 68608K, used 1482K [0x00000000c0000000, 0x00000000c4300000, 0x00000000eab00000)
  object space 68608K, 2% used [0x00000000c0000000,0x00000000c0172b18,0x00000000c4300000)
 Metaspace       used 14663K, committed 14912K, reserved 1114112K
  class space    used 1477K, committed 1600K, reserved 1048576K
}
Event: 1.914 GC heap before
{Heap before GC invocations=3 (full 0):
 PSYoungGen      total 29696K, used 29672K [0x00000000eab00000, 0x00000000ecc00000, 0x0000000100000000)
  eden space 25600K, 100% used [0x00000000eab00000,0x00000000ec400000,0x00000000ec400000)
  from space 4096K, 99% used [0x00000000ec800000,0x00000000ecbfa388,0x00000000ecc00000)
  to   space 4096K, 0% used [0x00000000ec400000,0x00000000ec400000,0x00000000ec800000)
 ParOldGen       total 68608K, used 1482K [0x00000000c0000000, 0x00000000c4300000, 0x00000000eab00000)
  object space 68608K, 2% used [0x00000000c0000000,0x00000000c0172b18,0x00000000c4300000)
 Metaspace       used 17009K, committed 17280K, reserved 1114112K
  class space    used 1729K, committed 1856K, reserved 1048576K
}
Event: 1.918 GC heap after
{Heap after GC invocations=3 (full 0):
 PSYoungGen      total 29696K, used 4065K [0x00000000eab00000, 0x00000000ecc00000, 0x0000000100000000)
  eden space 25600K, 0% used [0x00000000eab00000,0x00000000eab00000,0x00000000ec400000)
  from space 4096K, 99% used [0x00000000ec400000,0x00000000ec7f84e8,0x00000000ec800000)
  to   space 4096K, 0% used [0x00000000ec800000,0x00000000ec800000,0x00000000ecc00000)
 ParOldGen       total 68608K, used 5228K [0x00000000c0000000, 0x00000000c4300000, 0x00000000eab00000)
  object space 68608K, 7% used [0x00000000c0000000,0x00000000c051b138,0x00000000c4300000)
 Metaspace       used 17009K, committed 17280K, reserved 1114112K
  class space    used 1729K, committed 1856K, reserved 1048576K
}
Event: 2.367 GC heap before
{Heap before GC invocations=4 (full 0):
 PSYoungGen      total 29696K, used 29298K [0x00000000eab00000, 0x00000000ecc00000, 0x0000000100000000)
  eden space 25600K, 98% used [0x00000000eab00000,0x00000000ec3a4668,0x00000000ec400000)
  from space 4096K, 99% used [0x00000000ec400000,0x00000000ec7f84e8,0x00000000ec800000)
  to   space 4096K, 0% used [0x00000000ec800000,0x00000000ec800000,0x00000000ecc00000)
 ParOldGen       total 68608K, used 5228K [0x00000000c0000000, 0x00000000c4300000, 0x00000000eab00000)
  object space 68608K, 7% used [0x00000000c0000000,0x00000000c051b138,0x00000000c4300000)
 Metaspace       used 21124K, committed 21504K, reserved 1114112K
  class space    used 2143K, committed 2304K, reserved 1048576K
}
Event: 2.371 GC heap after
{Heap after GC invocations=4 (full 0):
 PSYoungGen      total 29696K, used 4080K [0x00000000eab00000, 0x00000000ecc00000, 0x0000000100000000)
  eden space 25600K, 0% used [0x00000000eab00000,0x00000000eab00000,0x00000000ec400000)
  from space 4096K, 99% used [0x00000000ec800000,0x00000000ecbfc1c8,0x00000000ecc00000)
  to   space 4096K, 0% used [0x00000000ec400000,0x00000000ec400000,0x00000000ec800000)
 ParOldGen       total 68608K, used 6450K [0x00000000c0000000, 0x00000000c4300000, 0x00000000eab00000)
  object space 68608K, 9% used [0x00000000c0000000,0x00000000c064ca00,0x00000000c4300000)
 Metaspace       used 21124K, committed 21504K, reserved 1114112K
  class space    used 2143K, committed 2304K, reserved 1048576K
}
Event: 2.371 GC heap before
{Heap before GC invocations=5 (full 1):
 PSYoungGen      total 29696K, used 4080K [0x00000000eab00000, 0x00000000ecc00000, 0x0000000100000000)
  eden space 25600K, 0% used [0x00000000eab00000,0x00000000eab00000,0x00000000ec400000)
  from space 4096K, 99% used [0x00000000ec800000,0x00000000ecbfc1c8,0x00000000ecc00000)
  to   space 4096K, 0% used [0x00000000ec400000,0x00000000ec400000,0x00000000ec800000)
 ParOldGen       total 68608K, used 6450K [0x00000000c0000000, 0x00000000c4300000, 0x00000000eab00000)
  object space 68608K, 9% used [0x00000000c0000000,0x00000000c064ca00,0x00000000c4300000)
 Metaspace       used 21124K, committed 21504K, reserved 1114112K
  class space    used 2143K, committed 2304K, reserved 1048576K
}
Event: 2.393 GC heap after
{Heap after GC invocations=5 (full 1):
 PSYoungGen      total 29696K, used 0K [0x00000000eab00000, 0x00000000ecc00000, 0x0000000100000000)
  eden space 25600K, 0% used [0x00000000eab00000,0x00000000eab00000,0x00000000ec400000)
  from space 4096K, 0% used [0x00000000ec800000,0x00000000ec800000,0x00000000ecc00000)
  to   space 4096K, 0% used [0x00000000ec400000,0x00000000ec400000,0x00000000ec800000)
 ParOldGen       total 68608K, used 10294K [0x00000000c0000000, 0x00000000c4300000, 0x00000000eab00000)
  object space 68608K, 15% used [0x00000000c0000000,0x00000000c0a0d878,0x00000000c4300000)
 Metaspace       used 21110K, committed 21504K, reserved 1114112K
  class space    used 2140K, committed 2304K, reserved 1048576K
}
Event: 2.794 GC heap before
{Heap before GC invocations=6 (full 1):
 PSYoungGen      total 29696K, used 25600K [0x00000000eab00000, 0x00000000ecc00000, 0x0000000100000000)
  eden space 25600K, 100% used [0x00000000eab00000,0x00000000ec400000,0x00000000ec400000)
  from space 4096K, 0% used [0x00000000ec800000,0x00000000ec800000,0x00000000ecc00000)
  to   space 4096K, 0% used [0x00000000ec400000,0x00000000ec400000,0x00000000ec800000)
 ParOldGen       total 68608K, used 10294K [0x00000000c0000000, 0x00000000c4300000, 0x00000000eab00000)
  object space 68608K, 15% used [0x00000000c0000000,0x00000000c0a0d878,0x00000000c4300000)
 Metaspace       used 24276K, committed 24896K, reserved 1114112K
  class space    used 2483K, committed 2752K, reserved 1048576K
}
Event: 2.797 GC heap after
{Heap after GC invocations=6 (full 1):
 PSYoungGen      total 26624K, used 1436K [0x00000000eab00000, 0x00000000ec980000, 0x0000000100000000)
  eden space 25088K, 0% used [0x00000000eab00000,0x00000000eab00000,0x00000000ec380000)
  from space 1536K, 93% used [0x00000000ec400000,0x00000000ec567148,0x00000000ec580000)
  to   space 3072K, 0% used [0x00000000ec680000,0x00000000ec680000,0x00000000ec980000)
 ParOldGen       total 68608K, used 10302K [0x00000000c0000000, 0x00000000c4300000, 0x00000000eab00000)
  object space 68608K, 15% used [0x00000000c0000000,0x00000000c0a0f878,0x00000000c4300000)
 Metaspace       used 24276K, committed 24896K, reserved 1114112K
  class space    used 2483K, committed 2752K, reserved 1048576K
}
Event: 3.176 GC heap before
{Heap before GC invocations=7 (full 1):
 PSYoungGen      total 26624K, used 26524K [0x00000000eab00000, 0x00000000ec980000, 0x0000000100000000)
  eden space 25088K, 100% used [0x00000000eab00000,0x00000000ec380000,0x00000000ec380000)
  from space 1536K, 93% used [0x00000000ec400000,0x00000000ec567148,0x00000000ec580000)
  to   space 3072K, 0% used [0x00000000ec680000,0x00000000ec680000,0x00000000ec980000)
 ParOldGen       total 68608K, used 10302K [0x00000000c0000000, 0x00000000c4300000, 0x00000000eab00000)
  object space 68608K, 15% used [0x00000000c0000000,0x00000000c0a0f878,0x00000000c4300000)
 Metaspace       used 27633K, committed 28352K, reserved 1114112K
  class space    used 2860K, committed 3136K, reserved 1048576K
}
Event: 3.178 GC heap after
{Heap after GC invocations=7 (full 1):
 PSYoungGen      total 26624K, used 3068K [0x00000000eab00000, 0x00000000ecc00000, 0x0000000100000000)
  eden space 23552K, 0% used [0x00000000eab00000,0x00000000eab00000,0x00000000ec200000)
  from space 3072K, 99% used [0x00000000ec680000,0x00000000ec97f348,0x00000000ec980000)
  to   space 4608K, 0% used [0x00000000ec200000,0x00000000ec200000,0x00000000ec680000)
 ParOldGen       total 68608K, used 10960K [0x00000000c0000000, 0x00000000c4300000, 0x00000000eab00000)
  object space 68608K, 15% used [0x00000000c0000000,0x00000000c0ab40b8,0x00000000c4300000)
 Metaspace       used 27633K, committed 28352K, reserved 1114112K
  class space    used 2860K, committed 3136K, reserved 1048576K
}
Event: 3.357 GC heap before
{Heap before GC invocations=8 (full 1):
 PSYoungGen      total 26624K, used 26620K [0x00000000eab00000, 0x00000000ecc00000, 0x0000000100000000)
  eden space 23552K, 100% used [0x00000000eab00000,0x00000000ec200000,0x00000000ec200000)
  from space 3072K, 99% used [0x00000000ec680000,0x00000000ec97f348,0x00000000ec980000)
  to   space 4608K, 0% used [0x00000000ec200000,0x00000000ec200000,0x00000000ec680000)
 ParOldGen       total 68608K, used 10960K [0x00000000c0000000, 0x00000000c4300000, 0x00000000eab00000)
  object space 68608K, 15% used [0x00000000c0000000,0x00000000c0ab40b8,0x00000000c4300000)
 Metaspace       used 30331K, committed 31040K, reserved 1114112K
  class space    used 3038K, committed 3328K, reserved 1048576K
}
Event: 3.359 GC heap after
{Heap after GC invocations=8 (full 1):
 PSYoungGen      total 26624K, used 3412K [0x00000000eab00000, 0x00000000ec880000, 0x0000000100000000)
  eden space 23040K, 0% used [0x00000000eab00000,0x00000000eab00000,0x00000000ec180000)
  from space 3584K, 95% used [0x00000000ec200000,0x00000000ec555088,0x00000000ec580000)
  to   space 3072K, 0% used [0x00000000ec580000,0x00000000ec580000,0x00000000ec880000)
 ParOldGen       total 68608K, used 10968K [0x00000000c0000000, 0x00000000c4300000, 0x00000000eab00000)
  object space 68608K, 15% used [0x00000000c0000000,0x00000000c0ab60b8,0x00000000c4300000)
 Metaspace       used 30331K, committed 31040K, reserved 1114112K
  class space    used 3038K, committed 3328K, reserved 1048576K
}
Event: 3.546 GC heap before
{Heap before GC invocations=9 (full 1):
 PSYoungGen      total 26624K, used 26452K [0x00000000eab00000, 0x00000000ec880000, 0x0000000100000000)
  eden space 23040K, 100% used [0x00000000eab00000,0x00000000ec180000,0x00000000ec180000)
  from space 3584K, 95% used [0x00000000ec200000,0x00000000ec555088,0x00000000ec580000)
  to   space 3072K, 0% used [0x00000000ec580000,0x00000000ec580000,0x00000000ec880000)
 ParOldGen       total 68608K, used 10968K [0x00000000c0000000, 0x00000000c4300000, 0x00000000eab00000)
  object space 68608K, 15% used [0x00000000c0000000,0x00000000c0ab60b8,0x00000000c4300000)
 Metaspace       used 32371K, committed 33088K, reserved 1114112K
  class space    used 3190K, committed 3520K, reserved 1048576K
}
Event: 3.548 GC heap after
{Heap after GC invocations=9 (full 1):
 PSYoungGen      total 25600K, used 3044K [0x00000000eab00000, 0x00000000ec880000, 0x0000000100000000)
  eden space 22528K, 0% used [0x00000000eab00000,0x00000000eab00000,0x00000000ec100000)
  from space 3072K, 99% used [0x00000000ec580000,0x00000000ec8792b0,0x00000000ec880000)
  to   space 3584K, 0% used [0x00000000ec180000,0x00000000ec180000,0x00000000ec500000)
 ParOldGen       total 68608K, used 11456K [0x00000000c0000000, 0x00000000c4300000, 0x00000000eab00000)
  object space 68608K, 16% used [0x00000000c0000000,0x00000000c0b300d8,0x00000000c4300000)
 Metaspace       used 32371K, committed 33088K, reserved 1114112K
  class space    used 3190K, committed 3520K, reserved 1048576K
}
Event: 4.101 GC heap before
{Heap before GC invocations=10 (full 1):
 PSYoungGen      total 25600K, used 18663K [0x00000000eab00000, 0x00000000ec880000, 0x0000000100000000)
  eden space 22528K, 69% used [0x00000000eab00000,0x00000000eba40cc8,0x00000000ec100000)
  from space 3072K, 99% used [0x00000000ec580000,0x00000000ec8792b0,0x00000000ec880000)
  to   space 3584K, 0% used [0x00000000ec180000,0x00000000ec180000,0x00000000ec500000)
 ParOldGen       total 68608K, used 11456K [0x00000000c0000000, 0x00000000c4300000, 0x00000000eab00000)
  object space 68608K, 16% used [0x00000000c0000000,0x00000000c0b300d8,0x00000000c4300000)
 Metaspace       used 35075K, committed 35840K, reserved 1114112K
  class space    used 3489K, committed 3840K, reserved 1048576K
}
Event: 4.105 GC heap after
{Heap after GC invocations=10 (full 1):
 PSYoungGen      total 24576K, used 1844K [0x00000000eab00000, 0x00000000ec600000, 0x0000000100000000)
  eden space 22528K, 0% used [0x00000000eab00000,0x00000000eab00000,0x00000000ec100000)
  from space 2048K, 90% used [0x00000000ec180000,0x00000000ec34d020,0x00000000ec380000)
  to   space 2560K, 0% used [0x00000000ec380000,0x00000000ec380000,0x00000000ec600000)
 ParOldGen       total 68608K, used 13962K [0x00000000c0000000, 0x00000000c4300000, 0x00000000eab00000)
  object space 68608K, 20% used [0x00000000c0000000,0x00000000c0da2928,0x00000000c4300000)
 Metaspace       used 35075K, committed 35840K, reserved 1114112K
  class space    used 3489K, committed 3840K, reserved 1048576K
}
Event: 4.106 GC heap before
{Heap before GC invocations=11 (full 2):
 PSYoungGen      total 24576K, used 1844K [0x00000000eab00000, 0x00000000ec600000, 0x0000000100000000)
  eden space 22528K, 0% used [0x00000000eab00000,0x00000000eab00000,0x00000000ec100000)
  from space 2048K, 90% used [0x00000000ec180000,0x00000000ec34d020,0x00000000ec380000)
  to   space 2560K, 0% used [0x00000000ec380000,0x00000000ec380000,0x00000000ec600000)
 ParOldGen       total 68608K, used 13962K [0x00000000c0000000, 0x00000000c4300000, 0x00000000eab00000)
  object space 68608K, 20% used [0x00000000c0000000,0x00000000c0da2928,0x00000000c4300000)
 Metaspace       used 35075K, committed 35840K, reserved 1114112K
  class space    used 3489K, committed 3840K, reserved 1048576K
}
Event: 4.128 GC heap after
{Heap after GC invocations=11 (full 2):
 PSYoungGen      total 24576K, used 0K [0x00000000eab00000, 0x00000000ec600000, 0x0000000100000000)
  eden space 22528K, 0% used [0x00000000eab00000,0x00000000eab00000,0x00000000ec100000)
  from space 2048K, 0% used [0x00000000ec180000,0x00000000ec180000,0x00000000ec380000)
  to   space 2560K, 0% used [0x00000000ec380000,0x00000000ec380000,0x00000000ec600000)
 ParOldGen       total 68608K, used 13994K [0x00000000c0000000, 0x00000000c4300000, 0x00000000eab00000)
  object space 68608K, 20% used [0x00000000c0000000,0x00000000c0daa838,0x00000000c4300000)
 Metaspace       used 35075K, committed 35840K, reserved 1114112K
  class space    used 3489K, committed 3840K, reserved 1048576K
}

Dll operation events (10 events):
Event: 0.008 Loaded shared library c:\Users\NEKO\.vscode\extensions\redhat.java-1.25.1-win32-x64\jre\17.0.9-win32-x86_64\bin\java.dll
Event: 0.159 Loaded shared library c:\Users\NEKO\.vscode\extensions\redhat.java-1.25.1-win32-x64\jre\17.0.9-win32-x86_64\bin\zip.dll
Event: 0.161 Loaded shared library C:\Users\NEKO\.vscode\extensions\redhat.java-1.25.1-win32-x64\jre\17.0.9-win32-x86_64\bin\instrument.dll
Event: 0.173 Loaded shared library C:\Users\NEKO\.vscode\extensions\redhat.java-1.25.1-win32-x64\jre\17.0.9-win32-x86_64\bin\net.dll
Event: 0.174 Loaded shared library C:\Users\NEKO\.vscode\extensions\redhat.java-1.25.1-win32-x64\jre\17.0.9-win32-x86_64\bin\nio.dll
Event: 0.180 Loaded shared library C:\Users\NEKO\.vscode\extensions\redhat.java-1.25.1-win32-x64\jre\17.0.9-win32-x86_64\bin\zip.dll
Event: 0.199 Loaded shared library C:\Users\NEKO\.vscode\extensions\redhat.java-1.25.1-win32-x64\jre\17.0.9-win32-x86_64\bin\jimage.dll
Event: 0.261 Loaded shared library c:\Users\NEKO\.vscode\extensions\redhat.java-1.25.1-win32-x64\jre\17.0.9-win32-x86_64\bin\verify.dll
Event: 1.323 Loaded shared library C:\Users\NEKO\AppData\Roaming\Code\User\globalStorage\redhat.java\1.25.1\config_win\org.eclipse.equinox.launcher\org.eclipse.equinox.launcher.win32.win32.x86_64_1.2.800.v20231003-1442\eclipse_11802.dll
Event: 4.097 Loaded shared library C:\Users\NEKO\AppData\Local\Temp\jna-2392411\jna14267005539732383670.dll

Deoptimization events (20 events):
Event: 4.238 Thread 0x00000205a66a1520 DEOPT PACKING pc=0x0000020596e8dce8 sp=0x00000017540fbae0
Event: 4.238 Thread 0x00000205a66a1520 DEOPT UNPACKING pc=0x00000205968366a3 sp=0x00000017540fba28 mode 2
Event: 4.292 Thread 0x00000205a66a1520 Uncommon trap: trap_request=0xffffff76 fr.pc=0x0000020596f2e28c relative=0x00000000000005cc
Event: 4.292 Thread 0x00000205a66a1520 Uncommon trap: reason=predicate action=maybe_recompile pc=0x0000020596f2e28c method=java.util.TreeMap.getEntryUsingComparator(Ljava/lang/Object;)Ljava/util/TreeMap$Entry; @ 19 c2
Event: 4.292 Thread 0x00000205a66a1520 DEOPT PACKING pc=0x0000020596f2e28c sp=0x00000017540fc790
Event: 4.292 Thread 0x00000205a66a1520 DEOPT UNPACKING pc=0x00000205968366a3 sp=0x00000017540fc6b0 mode 2
Event: 4.378 Thread 0x00000205a66a1520 DEOPT PACKING pc=0x000002058f63a49c sp=0x00000017540fd8b0
Event: 4.378 Thread 0x00000205a66a1520 DEOPT UNPACKING pc=0x0000020596836e43 sp=0x00000017540fce08 mode 0
Event: 4.438 Thread 0x000002058c6083f0 Uncommon trap: trap_request=0xffffff76 fr.pc=0x0000020596f2bb98 relative=0x0000000000000b98
Event: 4.438 Thread 0x000002058c6083f0 Uncommon trap: reason=predicate action=maybe_recompile pc=0x0000020596f2bb98 method=java.util.TreeMap.put(Ljava/lang/Object;Ljava/lang/Object;Z)Ljava/lang/Object; @ 27 c2
Event: 4.438 Thread 0x000002058c6083f0 DEOPT PACKING pc=0x0000020596f2bb98 sp=0x00000017529fdbe0
Event: 4.438 Thread 0x000002058c6083f0 DEOPT UNPACKING pc=0x00000205968366a3 sp=0x00000017529fdb80 mode 2
Event: 4.447 Thread 0x000002058c6083f0 Uncommon trap: trap_request=0xffffff76 fr.pc=0x0000020596f22a7c relative=0x000000000000063c
Event: 4.447 Thread 0x000002058c6083f0 Uncommon trap: reason=predicate action=maybe_recompile pc=0x0000020596f22a7c method=java.util.TreeMap.getEntryUsingComparator(Ljava/lang/Object;)Ljava/util/TreeMap$Entry; @ 19 c2
Event: 4.447 Thread 0x000002058c6083f0 DEOPT PACKING pc=0x0000020596f22a7c sp=0x00000017529fdf60
Event: 4.447 Thread 0x000002058c6083f0 DEOPT UNPACKING pc=0x00000205968366a3 sp=0x00000017529fdf10 mode 2
Event: 4.457 Thread 0x000002058c6083f0 Uncommon trap: trap_request=0xffffff45 fr.pc=0x0000020596ef5370 relative=0x0000000000001010
Event: 4.457 Thread 0x000002058c6083f0 Uncommon trap: reason=unstable_if action=reinterpret pc=0x0000020596ef5370 method=java.util.Properties.loadConvert([CIILjava/lang/StringBuilder;)Ljava/lang/String; @ 463 c2
Event: 4.457 Thread 0x000002058c6083f0 DEOPT PACKING pc=0x0000020596ef5370 sp=0x00000017529f7700
Event: 4.457 Thread 0x000002058c6083f0 DEOPT UNPACKING pc=0x00000205968366a3 sp=0x00000017529f76c8 mode 2

Classes unloaded (7 events):
Event: 2.375 Thread 0x00000205a0477ce0 Unloading class 0x0000000100248400 'java/lang/invoke/LambdaForm$MH+0x0000000100248400'
Event: 2.375 Thread 0x00000205a0477ce0 Unloading class 0x0000000100248000 'java/lang/invoke/LambdaForm$MH+0x0000000100248000'
Event: 2.375 Thread 0x00000205a0477ce0 Unloading class 0x0000000100247c00 'java/lang/invoke/LambdaForm$MH+0x0000000100247c00'
Event: 2.375 Thread 0x00000205a0477ce0 Unloading class 0x0000000100247800 'java/lang/invoke/LambdaForm$MH+0x0000000100247800'
Event: 2.375 Thread 0x00000205a0477ce0 Unloading class 0x0000000100247400 'java/lang/invoke/LambdaForm$BMH+0x0000000100247400'
Event: 2.375 Thread 0x00000205a0477ce0 Unloading class 0x0000000100247000 'java/lang/invoke/LambdaForm$DMH+0x0000000100247000'
Event: 2.375 Thread 0x00000205a0477ce0 Unloading class 0x0000000100244400 'java/lang/invoke/LambdaForm$DMH+0x0000000100244400'

Classes redefined (0 events):
No events

Internal exceptions (20 events):
Event: 3.062 Thread 0x00000205a66a1520 Exception <a 'java/lang/NoSuchMethodError'{0x00000000ebae2160}: 'java.lang.Object java.lang.invoke.DirectMethodHandle$Holder.invokeSpecial(java.lang.Object, java.lang.Object, java.lang.Object, java.lang.Object, java.lang.Object, java.lang.Object, java.lang.Object, java.lang.Object, java.lang.Object, java.lang.Object, java.lang.Object, java.lang.Object, java.lang.Object)'> (0x00000000ebae2160) 
thrown [s\src\hotspot\share\interpreter\linkResolver.cpp, line 759]
Event: 3.064 Thread 0x00000205a66a1520 Exception <a 'java/lang/NoSuchMethodError'{0x00000000ebae7c90}: 'java.lang.Object java.lang.invoke.Invokers$Holder.invoker(java.lang.Object, java.lang.Object, java.lang.Object, java.lang.Object, java.lang.Object, java.lang.Object, java.lang.Object, java.lang.Object, java.lang.Object, java.lang.Object, java.lang.Object, java.lang.Object, java.lang.Object)'> (0x00000000ebae7c90) 
thrown [s\src\hotspot\share\interpreter\linkResolver.cpp, line 759]
Event: 3.065 Thread 0x00000205a66a1520 Exception <a 'java/lang/NoSuchMethodError'{0x00000000ebaee990}: 'java.lang.Object java.lang.invoke.DirectMethodHandle$Holder.invokeSpecial(java.lang.Object, java.lang.Object, java.lang.Object, java.lang.Object, java.lang.Object, java.lang.Object, java.lang.Object, java.lang.Object, java.lang.Object, java.lang.Object, java.lang.Object, java.lang.Object, java.lang.Object, java.lang.Object)'> (0x00000000ebaee990) 
thrown [s\src\hotspot\share\interpreter\linkResolver.cpp, line 759]
Event: 3.072 Thread 0x00000205a66a1520 Exception <a 'java/lang/NoSuchMethodError'{0x00000000ebb552d0}: static Lorg/eclipse/m2e/core/internal/lifecyclemapping/model/PluginExecutionMetadata;.<clinit>()V> (0x00000000ebb552d0) 
thrown [s\src\hotspot\share\prims\jni.cpp, line 1107]
Event: 3.080 Thread 0x00000205a66a1520 Exception <a 'java/lang/NoSuchMethodError'{0x00000000ebbb15d8}: static Lorg/eclipse/m2e/core/internal/lifecyclemapping/model/PluginExecutionFilter;.<clinit>()V> (0x00000000ebbb15d8) 
thrown [s\src\hotspot\share\prims\jni.cpp, line 1107]
Event: 3.083 Thread 0x00000205a66a1520 Exception <a 'java/lang/NoSuchMethodError'{0x00000000ebbe5640}: static Lorg/eclipse/m2e/core/internal/project/registry/MavenProjectFacade$MavenProjectConfiguration;.<clinit>()V> (0x00000000ebbe5640) 
thrown [s\src\hotspot\share\prims\jni.cpp, line 1107]
Event: 3.583 Thread 0x00000205a66a1520 Exception <a 'java/lang/ClassNotFoundException'{0x00000000ead36a28}: com/sun/org/apache/xerces/internal/impl/msg/spi/DOMMessagesProvider> (0x00000000ead36a28) 
thrown [s\src\hotspot\share\classfile\systemDictionary.cpp, line 256]
Event: 3.584 Thread 0x00000205a66a1520 Exception <a 'java/lang/ClassNotFoundException'{0x00000000ead48160}: com/sun/org/apache/xerces/internal/impl/msg/spi/XMLSerializerMessagesProvider> (0x00000000ead48160) 
thrown [s\src\hotspot\share\classfile\systemDictionary.cpp, line 256]
Event: 3.585 Thread 0x00000205a66a1520 Exception <a 'java/lang/ClassNotFoundException'{0x00000000ead55438}: com/sun/org/apache/xerces/internal/impl/msg/spi/XMLMessagesProvider> (0x00000000ead55438) 
thrown [s\src\hotspot\share\classfile\systemDictionary.cpp, line 256]
Event: 3.617 Thread 0x00000205a66a1520 Exception <a 'java/lang/NoSuchMethodError'{0x00000000eaf15110}: 'void java.lang.invoke.DirectMethodHandle$Holder.invokeVirtual(java.lang.Object, java.lang.Object)'> (0x00000000eaf15110) 
thrown [s\src\hotspot\share\interpreter\linkResolver.cpp, line 759]
Event: 3.685 Thread 0x00000205a66a1520 Exception <a 'java/lang/NoSuchMethodError'{0x00000000eb0ca538}: 'java.lang.Object java.lang.invoke.DirectMethodHandle$Holder.invokeStaticInit(java.lang.Object, int, int, int, int)'> (0x00000000eb0ca538) 
thrown [s\src\hotspot\share\interpreter\linkResolver.cpp, line 759]
Event: 3.840 Thread 0x00000205a66a1520 Exception <a 'java/lang/NoSuchMethodError'{0x00000000eb15f2b0}: 'java.lang.Object java.lang.invoke.DirectMethodHandle$Holder.invokeStaticInit(java.lang.Object, java.lang.Object, int, int, int, int)'> (0x00000000eb15f2b0) 
thrown [s\src\hotspot\share\interpreter\linkResolver.cpp, line 759]
Event: 3.926 Thread 0x00000205a66a1520 Exception <a 'java/lang/ClassNotFoundException'{0x00000000eb4bcd80}: com/sun/org/apache/xml/internal/serializer/spi/XMLEntitiesProvider> (0x00000000eb4bcd80) 
thrown [s\src\hotspot\share\classfile\systemDictionary.cpp, line 256]
Event: 4.025 Thread 0x00000205a66a1520 Exception <a 'java/io/FileNotFoundException'{0x00000000eb852e18}> (0x00000000eb852e18) 
thrown [s\src\hotspot\share\prims\jni.cpp, line 516]
Event: 4.220 Thread 0x00000205a6f619b0 Exception <a 'java/lang/NoSuchMethodError'{0x00000000ead64c90}: 'java.lang.Object java.lang.invoke.DirectMethodHandle$Holder.invokeSpecialIFC(java.lang.Object, java.lang.Object, java.lang.Object, java.lang.Object)'> (0x00000000ead64c90) 
thrown [s\src\hotspot\share\interpreter\linkResolver.cpp, line 759]
Event: 4.282 Thread 0x00000205a66a1520 Exception <a 'java/lang/UnsatisfiedLinkError'{0x00000000eaf0bef8}: The specified procedure could not be found.
> (0x00000000eaf0bef8) 
thrown [s\src\hotspot\share\prims\jni.cpp, line 535]
Event: 4.289 Thread 0x00000205a66a1520 Exception <a 'java/io/FileNotFoundException'{0x00000000eaf315e0}> (0x00000000eaf315e0) 
thrown [s\src\hotspot\share\prims\jni.cpp, line 516]
Event: 4.297 Thread 0x00000205a66a1520 Exception <a 'java/io/FileNotFoundException'{0x00000000eafbb0f8}> (0x00000000eafbb0f8) 
thrown [s\src\hotspot\share\prims\jni.cpp, line 516]
Event: 4.311 Thread 0x00000205a66a1520 Exception <a 'java/lang/UnsatisfiedLinkError'{0x00000000eb0d5b70}: The specified procedure could not be found.
> (0x00000000eb0d5b70) 
thrown [s\src\hotspot\share\prims\jni.cpp, line 535]
Event: 4.426 Thread 0x000002058c6083f0 Exception <a 'sun/nio/fs/WindowsException'{0x00000000eb6dfeb0}> (0x00000000eb6dfeb0) 
thrown [s\src\hotspot\share\prims\jni.cpp, line 516]

VM Operations (20 events):
Event: 3.546 Executing VM operation: ParallelGCFailedAllocation
Event: 3.548 Executing VM operation: ParallelGCFailedAllocation done
Event: 3.560 Executing VM operation: HandshakeAllThreads
Event: 3.560 Executing VM operation: HandshakeAllThreads done
Event: 3.635 Executing VM operation: HandshakeAllThreads
Event: 3.649 Executing VM operation: HandshakeAllThreads done
Event: 3.838 Executing VM operation: HandshakeAllThreads
Event: 3.838 Executing VM operation: HandshakeAllThreads done
Event: 3.883 Executing VM operation: HandshakeAllThreads
Event: 3.883 Executing VM operation: HandshakeAllThreads done
Event: 3.982 Executing VM operation: HandshakeAllThreads
Event: 3.982 Executing VM operation: HandshakeAllThreads done
Event: 4.100 Executing VM operation: CollectForMetadataAllocation
Event: 4.133 Executing VM operation: CollectForMetadataAllocation done
Event: 4.143 Executing VM operation: HandshakeAllThreads
Event: 4.144 Executing VM operation: HandshakeAllThreads done
Event: 4.215 Executing VM operation: HandshakeAllThreads
Event: 4.215 Executing VM operation: HandshakeAllThreads done
Event: 4.242 Executing VM operation: HandshakeAllThreads
Event: 4.251 Executing VM operation: HandshakeAllThreads done

Events (20 events):
Event: 4.459 loading class sun/reflect/generics/tree/ClassSignature
Event: 4.459 loading class sun/reflect/generics/tree/Signature
Event: 4.459 loading class sun/reflect/generics/tree/Signature done
Event: 4.459 loading class sun/reflect/generics/tree/ClassSignature done
Event: 4.459 loading class sun/reflect/annotation/TypeAnnotation$TypeAnnotationTarget
Event: 4.459 loading class sun/reflect/annotation/TypeAnnotation$TypeAnnotationTarget done
Event: 4.459 loading class sun/reflect/annotation/TypeAnnotation$LocationInfo
Event: 4.460 loading class sun/reflect/annotation/TypeAnnotation$LocationInfo done
Event: 4.460 loading class sun/reflect/annotation/TypeAnnotation$LocationInfo$Location
Event: 4.460 loading class sun/reflect/annotation/TypeAnnotation$LocationInfo$Location done
Event: 4.460 loading class sun/reflect/annotation/AnnotatedTypeFactory
Event: 4.460 loading class sun/reflect/annotation/AnnotatedTypeFactory done
Event: 4.460 loading class sun/reflect/annotation/AnnotatedTypeFactory$AnnotatedTypeBaseImpl
Event: 4.460 loading class sun/reflect/annotation/AnnotatedTypeFactory$AnnotatedTypeBaseImpl done
Event: 4.460 loading class java/util/stream/Streams$ConcatSpliterator$OfRef
Event: 4.460 loading class java/util/stream/Streams$ConcatSpliterator
Event: 4.460 loading class java/util/stream/Streams$ConcatSpliterator done
Event: 4.460 loading class java/util/stream/Streams$ConcatSpliterator$OfRef done
Event: 4.460 loading class java/util/stream/Streams$2
Event: 4.460 loading class java/util/stream/Streams$2 done


Dynamic libraries:
0x00007ff734fa0000 - 0x00007ff734fae000 	c:\Users\NEKO\.vscode\extensions\redhat.java-1.25.1-win32-x64\jre\17.0.9-win32-x86_64\bin\java.exe
0x00007ffbb51d0000 - 0x00007ffbb53c8000 	C:\Windows\SYSTEM32\ntdll.dll
0x00007ffbb3f90000 - 0x00007ffbb404d000 	C:\Windows\System32\KERNEL32.DLL
0x00007ffbb2c60000 - 0x00007ffbb2f56000 	C:\Windows\System32\KERNELBASE.dll
0x00007ffbb3100000 - 0x00007ffbb3200000 	C:\Windows\System32\ucrtbase.dll
0x00007ffb9aa50000 - 0x00007ffb9aa67000 	c:\Users\NEKO\.vscode\extensions\redhat.java-1.25.1-win32-x64\jre\17.0.9-win32-x86_64\bin\jli.dll
0x00007ffbb3a90000 - 0x00007ffbb3c2e000 	C:\Windows\System32\USER32.dll
0x00007ffbb2fb0000 - 0x00007ffbb2fd2000 	C:\Windows\System32\win32u.dll
0x00007ffbb3ce0000 - 0x00007ffbb3d0c000 	C:\Windows\System32\GDI32.dll
0x00007ffbb2fe0000 - 0x00007ffbb30fa000 	C:\Windows\System32\gdi32full.dll
0x00007ffbb2bc0000 - 0x00007ffbb2c5d000 	C:\Windows\System32\msvcp_win.dll
0x00007ffb97e30000 - 0x00007ffb97e4b000 	c:\Users\NEKO\.vscode\extensions\redhat.java-1.25.1-win32-x64\jre\17.0.9-win32-x86_64\bin\VCRUNTIME140.dll
0x00007ffb9d5d0000 - 0x00007ffb9d86a000 	C:\Windows\WinSxS\amd64_microsoft.windows.common-controls_6595b64144ccf1df_6.0.19041.3636_none_60b6a03d71f818d5\COMCTL32.dll
0x00007ffbb3db0000 - 0x00007ffbb3e4e000 	C:\Windows\System32\msvcrt.dll
0x00007ffbb48e0000 - 0x00007ffbb4910000 	C:\Windows\System32\IMM32.DLL
0x00007ffb98f40000 - 0x00007ffb98f4c000 	c:\Users\NEKO\.vscode\extensions\redhat.java-1.25.1-win32-x64\jre\17.0.9-win32-x86_64\bin\vcruntime140_1.dll
0x00007ffb53a60000 - 0x00007ffb53aed000 	c:\Users\NEKO\.vscode\extensions\redhat.java-1.25.1-win32-x64\jre\17.0.9-win32-x86_64\bin\msvcp140.dll
0x00007ffb4b8d0000 - 0x00007ffb4c531000 	c:\Users\NEKO\.vscode\extensions\redhat.java-1.25.1-win32-x64\jre\17.0.9-win32-x86_64\bin\server\jvm.dll
0x00007ffbb4830000 - 0x00007ffbb48df000 	C:\Windows\System32\ADVAPI32.dll
0x00007ffbb3d10000 - 0x00007ffbb3dac000 	C:\Windows\System32\sechost.dll
0x00007ffbb5060000 - 0x00007ffbb5186000 	C:\Windows\System32\RPCRT4.dll
0x00007ffbb1e10000 - 0x00007ffbb1e5b000 	C:\Windows\SYSTEM32\POWRPROF.dll
0x00007ffb98700000 - 0x00007ffb98709000 	C:\Windows\SYSTEM32\WSOCK32.dll
0x00007ffbb4d10000 - 0x00007ffbb4d7b000 	C:\Windows\System32\WS2_32.dll
0x00007ffba8d80000 - 0x00007ffba8da7000 	C:\Windows\SYSTEM32\WINMM.dll
0x00007ffbaccd0000 - 0x00007ffbaccda000 	C:\Windows\SYSTEM32\VERSION.dll
0x00007ffbb1cd0000 - 0x00007ffbb1ce2000 	C:\Windows\SYSTEM32\UMPDC.dll
0x00007ffbb06b0000 - 0x00007ffbb06c2000 	C:\Windows\SYSTEM32\kernel.appcore.dll
0x00007ffb97970000 - 0x00007ffb9797a000 	c:\Users\NEKO\.vscode\extensions\redhat.java-1.25.1-win32-x64\jre\17.0.9-win32-x86_64\bin\jimage.dll
0x00007ffba83f0000 - 0x00007ffba85d4000 	C:\Windows\SYSTEM32\DBGHELP.DLL
0x00007ffb8d7c0000 - 0x00007ffb8d7f4000 	C:\Windows\SYSTEM32\dbgcore.DLL
0x00007ffbb2a10000 - 0x00007ffbb2a92000 	C:\Windows\System32\bcryptPrimitives.dll
0x00007ffb97960000 - 0x00007ffb9796e000 	c:\Users\NEKO\.vscode\extensions\redhat.java-1.25.1-win32-x64\jre\17.0.9-win32-x86_64\bin\instrument.dll
0x00007ffb7dab0000 - 0x00007ffb7dad5000 	c:\Users\NEKO\.vscode\extensions\redhat.java-1.25.1-win32-x64\jre\17.0.9-win32-x86_64\bin\java.dll
0x00007ffb97890000 - 0x00007ffb978a8000 	c:\Users\NEKO\.vscode\extensions\redhat.java-1.25.1-win32-x64\jre\17.0.9-win32-x86_64\bin\zip.dll
0x00007ffbb40e0000 - 0x00007ffbb4825000 	C:\Windows\System32\SHELL32.dll
0x00007ffbb0990000 - 0x00007ffbb112b000 	C:\Windows\SYSTEM32\windows.storage.dll
0x00007ffbb36b0000 - 0x00007ffbb3a04000 	C:\Windows\System32\combase.dll
0x00007ffbb22f0000 - 0x00007ffbb231d000 	C:\Windows\SYSTEM32\Wldp.dll
0x00007ffbb3c30000 - 0x00007ffbb3cdd000 	C:\Windows\System32\SHCORE.dll
0x00007ffbb4a40000 - 0x00007ffbb4a95000 	C:\Windows\System32\shlwapi.dll
0x00007ffbb27e0000 - 0x00007ffbb2805000 	C:\Windows\SYSTEM32\profapi.dll
0x00007ffb93f20000 - 0x00007ffb93f39000 	C:\Users\NEKO\.vscode\extensions\redhat.java-1.25.1-win32-x64\jre\17.0.9-win32-x86_64\bin\net.dll
0x00007ffbac980000 - 0x00007ffbaca8a000 	C:\Windows\SYSTEM32\WINHTTP.dll
0x00007ffbb2050000 - 0x00007ffbb20ba000 	C:\Windows\system32\mswsock.dll
0x00007ffb8e690000 - 0x00007ffb8e6a6000 	C:\Users\NEKO\.vscode\extensions\redhat.java-1.25.1-win32-x64\jre\17.0.9-win32-x86_64\bin\nio.dll
0x00007ffb976c0000 - 0x00007ffb976d0000 	c:\Users\NEKO\.vscode\extensions\redhat.java-1.25.1-win32-x64\jre\17.0.9-win32-x86_64\bin\verify.dll
0x00007ffb7c160000 - 0x00007ffb7c19e000 	C:\Users\NEKO\AppData\Roaming\Code\User\globalStorage\redhat.java\1.25.1\config_win\org.eclipse.equinox.launcher\org.eclipse.equinox.launcher.win32.win32.x86_64_1.2.800.v20231003-1442\eclipse_11802.dll
0x00007ffbb4d80000 - 0x00007ffbb4eab000 	C:\Windows\System32\ole32.dll
0x00007ffbb2250000 - 0x00007ffbb2268000 	C:\Windows\SYSTEM32\CRYPTSP.dll
0x00007ffbb1910000 - 0x00007ffbb1944000 	C:\Windows\system32\rsaenh.dll
0x00007ffbb3200000 - 0x00007ffbb3227000 	C:\Windows\System32\bcrypt.dll
0x00007ffbb2760000 - 0x00007ffbb278e000 	C:\Windows\SYSTEM32\USERENV.dll
0x00007ffbb2240000 - 0x00007ffbb224c000 	C:\Windows\SYSTEM32\CRYPTBASE.dll
0x00007ffbb1cf0000 - 0x00007ffbb1d2b000 	C:\Windows\SYSTEM32\IPHLPAPI.DLL
0x00007ffbb3f80000 - 0x00007ffbb3f88000 	C:\Windows\System32\NSI.dll
0x00007ffbad2b0000 - 0x00007ffbad2c7000 	C:\Windows\SYSTEM32\dhcpcsvc6.DLL
0x00007ffbad290000 - 0x00007ffbad2ad000 	C:\Windows\SYSTEM32\dhcpcsvc.DLL
0x00007ffbb1d40000 - 0x00007ffbb1e0a000 	C:\Windows\SYSTEM32\DNSAPI.dll
0x00007ffb610e0000 - 0x00007ffb61125000 	C:\Users\NEKO\AppData\Local\Temp\jna-2392411\jna14267005539732383670.dll
0x00007ffbb4910000 - 0x00007ffbb4918000 	C:\Windows\System32\PSAPI.DLL

dbghelp: loaded successfully - version: 4.0.5 - missing functions: none
symbol engine: initialized successfully - sym options: 0x614 - pdb path: .;c:\Users\NEKO\.vscode\extensions\redhat.java-1.25.1-win32-x64\jre\17.0.9-win32-x86_64\bin;C:\Windows\SYSTEM32;C:\Windows\WinSxS\amd64_microsoft.windows.common-controls_6595b64144ccf1df_6.0.19041.3636_none_60b6a03d71f818d5;c:\Users\NEKO\.vscode\extensions\redhat.java-1.25.1-win32-x64\jre\17.0.9-win32-x86_64\bin\server;C:\Users\NEKO\AppData\Roaming\Code\User\globalStorage\redhat.java\1.25.1\config_win\org.eclipse.equinox.launcher\org.eclipse.equinox.launcher.win32.win32.x86_64_1.2.800.v20231003-1442;C:\Users\NEKO\AppData\Local\Temp\jna-2392411

VM Arguments:
jvm_args: --add-modules=ALL-SYSTEM --add-opens=java.base/java.util=ALL-UNNAMED --add-opens=java.base/java.lang=ALL-UNNAMED --add-opens=java.base/sun.nio.fs=ALL-UNNAMED -Declipse.application=org.eclipse.jdt.ls.core.id1 -Dosgi.bundles.defaultStartLevel=4 -Declipse.product=org.eclipse.jdt.ls.core.product -Djava.import.generatesMetadataFilesAtProjectRoot=false -DDetectVMInstallationsJob.disabled=true -Dfile.encoding=utf8 -XX:+UseParallelGC -XX:GCTimeRatio=4 -XX:AdaptiveSizePolicyWeight=90 -Dsun.zip.disableMemoryMapping=true -Xmx1G -Xms100m -Xlog:disable -javaagent:c:\Users\NEKO\.vscode\extensions\redhat.java-1.25.1-win32-x64\lombok\lombok-1.18.30.jar -XX:+HeapDumpOnOutOfMemoryError -XX:HeapDumpPath=c:\Users\NEKO\AppData\Roaming\Code\User\workspaceStorage\918267bdfb952a5c5b9a139281a1adbf\redhat.java -Daether.dependencyCollector.impl=bf 
java_command: c:\Users\NEKO\.vscode\extensions\redhat.java-1.25.1-win32-x64\server\plugins\org.eclipse.equinox.launcher_1.6.600.v20231106-1826.jar -configuration c:\Users\NEKO\AppData\Roaming\Code\User\globalStorage\redhat.java\1.25.1\config_win -data c:\Users\NEKO\AppData\Roaming\Code\User\workspaceStorage\918267bdfb952a5c5b9a139281a1adbf\redhat.java\jdt_ws --stdio
java_class_path (initial): c:\Users\NEKO\.vscode\extensions\redhat.java-1.25.1-win32-x64\server\plugins\org.eclipse.equinox.launcher_1.6.600.v20231106-1826.jar
Launcher Type: SUN_STANDARD

[Global flags]
    uintx AdaptiveSizePolicyWeight                 = 90                                        {product} {command line}
     intx CICompilerCount                          = 3                                         {product} {ergonomic}
    uintx GCTimeRatio                              = 4                                         {product} {command line}
     bool HeapDumpOnOutOfMemoryError               = true                                   {manageable} {command line}
    ccstr HeapDumpPath                             = c:\Users\NEKO\AppData\Roaming\Code\User\workspaceStorage\918267bdfb952a5c5b9a139281a1adbf\redhat.java         {manageable} {command line}
   size_t InitialHeapSize                          = 104857600                                 {product} {command line}
   size_t MaxHeapSize                              = 1073741824                                {product} {command line}
   size_t MaxNewSize                               = 357564416                                 {product} {ergonomic}
   size_t MinHeapDeltaBytes                        = 524288                                    {product} {ergonomic}
   size_t MinHeapSize                              = 104857600                                 {product} {command line}
   size_t NewSize                                  = 34603008                                  {product} {ergonomic}
    uintx NonNMethodCodeHeapSize                   = 5832780                                {pd product} {ergonomic}
    uintx NonProfiledCodeHeapSize                  = 122912730                              {pd product} {ergonomic}
   size_t OldSize                                  = 70254592                                  {product} {ergonomic}
    uintx ProfiledCodeHeapSize                     = 122912730                              {pd product} {ergonomic}
    uintx ReservedCodeCacheSize                    = 251658240                              {pd product} {ergonomic}
     bool SegmentedCodeCache                       = true                                      {product} {ergonomic}
   size_t SoftMaxHeapSize                          = 1073741824                             {manageable} {ergonomic}
     bool UseCompressedClassPointers               = true                           {product lp64_product} {ergonomic}
     bool UseCompressedOops                        = true                           {product lp64_product} {ergonomic}
     bool UseLargePagesIndividualAllocation        = false                                  {pd product} {ergonomic}
     bool UseParallelGC                            = true                                      {product} {command line}

Logging:
Log output configuration:
 #0: stdout all=off uptime,level,tags
 #1: stderr all=off uptime,level,tags

Environment Variables:
PATH=C:\Python311\Scripts\;C:\Python311\;C:\Program Files (x86)\Common Files\Oracle\Java\javapath;C:\Windows\system32;C:\Windows;C:\Windows\System32\Wbem;C:\Windows\System32\WindowsPowerShell\v1.0\;C:\Windows\System32\OpenSSH\;C:\Program Files (x86)\NVIDIA Corporation\PhysX\Common;C:\Program Files\NVIDIA Corporation\NVIDIA NvDLISR;C:\Program Files\dotnet\;C:\Program Files\nodejs\;C:\ProgramData\chocolatey\bin;C:\Program Files\Git\cmd;C:\Program Files\Git\bin;C:\Users\NEKO\AppData\Local\Programs\Python\Python310\Scripts\;C:\Users\NEKO\AppData\Local\Programs\Python\Python310\;C:\Users\NEKO\AppData\Local\Programs\Python\Python37\Scripts\;C:\Users\NEKO\AppData\Local\Programs\Python\Python37\;C:\Users\NEKO\AppData\Local\Microsoft\WindowsApps;;C:\Users\NEKO\AppData\Local\Programs\Microsoft VS Code\bin;C:\Users\NEKO\AppData\Roaming\npm
USERNAME=NEKO
OS=Windows_NT
PROCESSOR_IDENTIFIER=Intel64 Family 6 Model 158 Stepping 10, GenuineIntel
TMP=C:\Users\NEKO\AppData\Local\Temp
TEMP=C:\Users\NEKO\AppData\Local\Temp



Periodic native trim disabled


---------------  S Y S T E M  ---------------

OS:
 Windows 10 , 64 bit Build 19041 (10.0.19041.3636)
OS uptime: 0 days 5:21 hours

CPU: total 6 (initial active 6) (6 cores per cpu, 1 threads per core) family 6 model 158 stepping 10 microcode 0xd6, cx8, cmov, fxsr, mmx, 3dnowpref, sse, sse2, sse3, ssse3, sse4.1, sse4.2, popcnt, lzcnt, tsc, tscinvbit, avx, avx2, aes, erms, clmul, bmi1, bmi2, adx, fma, vzeroupper, clflush, clflushopt
Processor Information for all 6 processors :
  Max Mhz: 2904, Current Mhz: 2904, Mhz Limit: 2904

Memory: 4k page, system-wide physical 16335M (6242M free)
TotalPageFile size 18383M (AvailPageFile size 38M)
current process WorkingSet (physical memory assigned to process): 168M, peak: 169M
current process commit charge ("private bytes"): 261M, peak: 263M

vm_info: OpenJDK 64-Bit Server VM (17.0.9+9) for windows-amd64 JRE (17.0.9+9), built on Oct 26 2023 14:01:42 by "admin" with MS VC++ 16.10 / 16.11 (VS2019)

END.
